TN:
SF:src/creatorRoles.ts
FN:8,(anonymous_8)
FN:12,(anonymous_9)
FNF:2
FNH:0
FNDA:0,(anonymous_8)
FNDA:0,(anonymous_9)
DA:1,1
DA:3,1
DA:4,1
DA:6,1
DA:9,0
DA:13,0
DA:14,0
DA:15,0
DA:18,0
LF:9
LH:4
BRDA:14,0,0,0
BRDA:14,0,1,0
BRF:2
BRH:0
end_of_record
TN:
SF:src/rawg.ts
FN:9,(anonymous_0)
FNF:1
FNH:1
FNDA:1,(anonymous_0)
DA:1,1
DA:2,1
DA:4,1
DA:7,1
DA:10,1
DA:11,1
DA:13,0
DA:14,0
LF:8
LH:6
BRDA:10,0,0,1
BRF:1
BRH:1
end_of_record
TN:
SF:src/utils.ts
FN:3,encodeQueryData
FN:13,urlBuilder
FNF:2
FNH:0
FNDA:0,encodeQueryData
FNDA:0,urlBuilder
DA:4,0
DA:5,0
DA:7,0
DA:8,0
DA:9,0
DA:10,0
DA:13,1
DA:14,0
DA:15,0
LF:9
LH:1
BRDA:4,0,0,0
BRF:1
BRH:0
end_of_record
TN:
SF:src/errors/errorBase.ts
FN:5,(anonymous_0)
FNF:1
FNH:1
FNDA:1,(anonymous_0)
DA:1,1
DA:6,1
DA:7,1
DA:8,1
DA:9,1
LF:5
LH:5
BRF:0
BRH:0
end_of_record
TN:
SF:src/errors/missingAPIKey.ts
FN:4,(anonymous_0)
FNF:1
FNH:1
FNDA:1,(anonymous_0)
DA:1,1
DA:3,1
DA:5,1
LF:3
LH:3
BRF:0
BRH:0
end_of_record
